Build started 20.05.2016 11:05:22.
     1>Project "C:\Users\hakansoyalp\documents\visual studio 2013\Projects\PA_01\PA_01\PA_01.vcxproj" on node 2 (Build target(s)).
     1>ClCompile:
         C:\Program Files (x86)\Microsoft Visual Studio 12.0\VC\bin\CL.exe /c /ZI /nologo /W3 /WX- /sdl /Od /Oy- /D "_CRT_SECURE_NO_WARNINGS" /D _MBCS /Gm /EHsc /RTC1 /MDd /GS /fp:precise /Zc:wchar_t /Zc:forScope /Fo"Debug\\" /Fd"Debug\vc120.pdb" /Gd /TC /analyze- /errorReport:prompt ltcaudio.c
         ltcaudio.c
     1>c:\users\hakansoyalp\documents\visual studio 2013\projects\pa_01\pa_01\ltcaudio.c(16): warning C4098: 'doserial' : 'void' function returning a value
     1>c:\users\hakansoyalp\documents\visual studio 2013\projects\pa_01\pa_01\ltcaudio.c(163): warning C4047: 'function' : 'paData *' differs in levels of indirection from 'paData (*)[4]'
     1>c:\users\hakansoyalp\documents\visual studio 2013\projects\pa_01\pa_01\ltcaudio.c(163): warning C4024: 'AllocateBuffers' : different types for formal and actual parameter 1
     1>c:\users\hakansoyalp\documents\visual studio 2013\projects\pa_01\pa_01\ltcaudio.c(269): warning C4101: 'defaultHighInputLatency' : unreferenced local variable
     1>c:\users\hakansoyalp\documents\visual studio 2013\projects\pa_01\pa_01\ltcaudio.c(264): warning C4101: 'hostApi' : unreferenced local variable
     1>c:\users\hakansoyalp\documents\visual studio 2013\projects\pa_01\pa_01\ltcaudio.c(262): warning C4101: 'structVersion' : unreferenced local variable
     1>c:\users\hakansoyalp\documents\visual studio 2013\projects\pa_01\pa_01\ltcaudio.c(268): warning C4101: 'defaultLowOutputLatency' : unreferenced local variable
     1>c:\users\hakansoyalp\documents\visual studio 2013\projects\pa_01\pa_01\ltcaudio.c(270): warning C4101: 'defaultHighOutputLatency' : unreferenced local variable
     1>c:\users\hakansoyalp\documents\visual studio 2013\projects\pa_01\pa_01\ltcaudio.c(263): warning C4101: 'name' : unreferenced local variable
     1>c:\users\hakansoyalp\documents\visual studio 2013\projects\pa_01\pa_01\ltcaudio.c(266): warning C4101: 'maxOutputChannels' : unreferenced local variable
     1>c:\users\hakansoyalp\documents\visual studio 2013\projects\pa_01\pa_01\ltcaudio.c(271): warning C4101: 'defaultSampleRate' : unreferenced local variable
     1>c:\users\hakansoyalp\documents\visual studio 2013\projects\pa_01\pa_01\ltcaudio.c(267): warning C4101: 'defaultLowInputLatency' : unreferenced local variable
     1>c:\users\hakansoyalp\documents\visual studio 2013\projects\pa_01\pa_01\ltcaudio.c(265): warning C4101: 'maxInputChannels' : unreferenced local variable
       Link:
         C:\Program Files (x86)\Microsoft Visual Studio 12.0\VC\bin\link.exe /ERRORREPORT:PROMPT /OUT:"C:\Users\hakansoyalp\documents\visual studio 2013\Projects\PA_01\Debug\PA_01.exe" /INCREMENTAL /NOLOGO winmm.lib dsound.lib portaudio_x86.lib kernel32.lib user32.lib gdi32.lib winspool.lib comdlg32.lib advapi32.lib shell32.lib ole32.lib oleaut32.lib uuid.lib odbc32.lib odbccp32.lib /MANIFEST /MANIFESTUAC:"level='asInvoker' uiAccess='false'" /manifest:embed /DEBUG /PDB:"C:\Users\hakansoyalp\documents\visual studio 2013\Projects\PA_01\Debug\PA_01.pdb" /TLBID:1 /DYNAMICBASE /NXCOMPAT /IMPLIB:"C:\Users\hakansoyalp\documents\visual studio 2013\Projects\PA_01\Debug\PA_01.lib" /MACHINE:X86 Debug\decoder.obj
         Debug\encoder.obj
         Debug\ltc.obj
         Debug\ltcaudio.obj
         Debug\main.obj
         Debug\rs232.obj
         Debug\src2.obj
         Debug\timecode.obj
         Debug\timer.obj
         PA_01.vcxproj -> C:\Users\hakansoyalp\documents\visual studio 2013\Projects\PA_01\Debug\PA_01.exe
     1>Done Building Project "C:\Users\hakansoyalp\documents\visual studio 2013\Projects\PA_01\PA_01\PA_01.vcxproj" (Build target(s)).

Build succeeded.

Time Elapsed 00:00:00.50
