c:\users\hakansoyalp\documents\vısual studıo 2013\projects\pa_01\pa_01\debug\vc120.pdb
c:\users\hakansoyalp\documents\vısual studıo 2013\projects\pa_01\pa_01\debug\vc120.ıdb
c:\users\hakansoyalp\documents\vısual studıo 2013\projects\pa_01\pa_01\debug\decoder.obj
c:\users\hakansoyalp\documents\vısual studıo 2013\projects\pa_01\pa_01\debug\encoder.obj
c:\users\hakansoyalp\documents\vısual studıo 2013\projects\pa_01\pa_01\debug\ltc.obj
c:\users\hakansoyalp\documents\vısual studıo 2013\projects\pa_01\pa_01\debug\ltcaudıo.obj
c:\users\hakansoyalp\documents\vısual studıo 2013\projects\pa_01\pa_01\debug\maın.obj
c:\users\hakansoyalp\documents\vısual studıo 2013\projects\pa_01\pa_01\debug\src2.obj
c:\users\hakansoyalp\documents\vısual studıo 2013\projects\pa_01\pa_01\debug\tımecode.obj
c:\users\hakansoyalp\documents\vısual studıo 2013\projects\pa_01\pa_01\debug\rs232.obj
c:\users\hakansoyalp\documents\visual studio 2013\projects\pa_01\pa_01\debug\decoder.obj
c:\users\hakansoyalp\documents\visual studio 2013\projects\pa_01\pa_01\debug\encoder.obj
c:\users\hakansoyalp\documents\visual studio 2013\projects\pa_01\pa_01\debug\ltc.obj
c:\users\hakansoyalp\documents\visual studio 2013\projects\pa_01\pa_01\debug\ltcaudio.obj
c:\users\hakansoyalp\documents\visual studio 2013\projects\pa_01\pa_01\debug\main.obj
c:\users\hakansoyalp\documents\visual studio 2013\projects\pa_01\pa_01\debug\rs232.obj
c:\users\hakansoyalp\documents\visual studio 2013\projects\pa_01\pa_01\debug\src2.obj
c:\users\hakansoyalp\documents\visual studio 2013\projects\pa_01\pa_01\debug\timecode.obj
c:\users\hakansoyalp\documents\visual studio 2013\projects\pa_01\pa_01\debug\vc120.idb
c:\users\hakansoyalp\documents\visual studio 2013\projects\pa_01\pa_01\debug\vc120.pdb
c:\users\hakansoyalp\documents\visual studio 2013\projects\pa_01\debug\pa_01.pdb
c:\users\hakansoyalp\documents\visual studio 2013\projects\pa_01\pa_01\debug\pa_01.tlog\cl.command.1.tlog
c:\users\hakansoyalp\documents\visual studio 2013\projects\pa_01\pa_01\debug\pa_01.tlog\cl.read.1.tlog
c:\users\hakansoyalp\documents\visual studio 2013\projects\pa_01\pa_01\debug\pa_01.tlog\cl.write.1.tlog
c:\users\hakansoyalp\documents\visual studio 2013\projects\pa_01\pa_01\debug\pa_01.tlog\link-cvtres.read.1.tlog
c:\users\hakansoyalp\documents\visual studio 2013\projects\pa_01\pa_01\debug\pa_01.tlog\link-cvtres.write.1.tlog
c:\users\hakansoyalp\documents\visual studio 2013\projects\pa_01\pa_01\debug\pa_01.tlog\link-rc.read.1.tlog
c:\users\hakansoyalp\documents\visual studio 2013\projects\pa_01\pa_01\debug\pa_01.tlog\link-rc.write.1.tlog
c:\users\hakansoyalp\documents\visual studio 2013\projects\pa_01\pa_01\debug\pa_01.tlog\link.7448-cvtres.read.1.tlog
c:\users\hakansoyalp\documents\visual studio 2013\projects\pa_01\pa_01\debug\pa_01.tlog\link.7448-cvtres.write.1.tlog
c:\users\hakansoyalp\documents\visual studio 2013\projects\pa_01\pa_01\debug\pa_01.tlog\link.7448-rc.read.1.tlog
c:\users\hakansoyalp\documents\visual studio 2013\projects\pa_01\pa_01\debug\pa_01.tlog\link.7448-rc.write.1.tlog
c:\users\hakansoyalp\documents\visual studio 2013\projects\pa_01\pa_01\debug\pa_01.tlog\link.7448.read.1.tlog
c:\users\hakansoyalp\documents\visual studio 2013\projects\pa_01\pa_01\debug\pa_01.tlog\link.7448.write.1.tlog
c:\users\hakansoyalp\documents\visual studio 2013\projects\pa_01\pa_01\debug\pa_01.tlog\link.command.1.tlog
c:\users\hakansoyalp\documents\visual studio 2013\projects\pa_01\pa_01\debug\pa_01.tlog\link.read.1.tlog
c:\users\hakansoyalp\documents\visual studio 2013\projects\pa_01\pa_01\debug\pa_01.tlog\link.write.1.tlog
